<?xml version="1.0" encoding="UTF-8"?>
<testsuite name="| Truyenkieu | 10-10-1991 | 123 Ngo Tat To | Ho Chi Minh | Phu Nhuan | 123456 | 0984443434 | t40d@yop.com | Aa123456 |" time="0.002" tests="10" errors="2" skipped="2" failures="0">
  <properties>
[...]
</properties>
  <testcase name="| Truyenkieu | 10-10-1991 | 123 Ngo Tat To | Ho Chi Minh | Phu Nhuan | 123456 | 0984443434 | t40d@yop.com | Aa123456 |" classname="| Truyenkieu | 10-10-1991 | 123 Ngo Tat To | Ho Chi Minh | Phu Nhuan | 123456 | 0984443434 | t40d@yop.com | Aa123456 |" time="0"/>
  <testcase name="| Truyenkieu | 10-10-1991 | 123 Ngo Tat To | Ho Chi Minh | Phu Nhuan | 123456 | 0984443434 | t40d@yop.com | Aa123456 |" classname="| Truyenkieu | 10-10-1991 | 123 Ngo Tat To | Ho Chi Minh | Phu Nhuan | 123456 | 0984443434 | t40d@yop.com | Aa123456 |" time="0">
    <error message="unexpected alert open: {Alert text : Email Address Already Exist !!}&#10;  (Session info: chrome=87.0.4280.67): Email Address Already Exist !!&#10;Build info: version: &apos;3.141.59&apos;, revision: &apos;e82be7d358&apos;, time: &apos;2018-11-14T08:17:03&apos;&#10;System info: host: &apos;MacintoshHDsMBP&apos;, ip: &apos;2405:4802:9197:2a50:a683:e7ff:fe7f:44cf%en0&apos;, os.name: &apos;Mac OS X&apos;, os.arch: &apos;x86_64&apos;, os.version: &apos;10.15.7&apos;, java.version: &apos;1.8.0_201&apos;&#10;Driver info: org.openqa.selenium.chrome.ChromeDriver&#10;Capabilities {acceptInsecureCerts: false, browserName: chrome, browserVersion: 87.0.4280.67, chrome: {chromedriverVersion: 86.0.4240.22 (398b0743353ff..., userDataDir: /var/folders/fx/kgm9kb4x1g3...}, goog:chromeOptions: {debuggerAddress: localhost:51545}, javascriptEnabled: true, networkConnectionEnabled: false, pageLoadStrategy: normal, platform: MAC, platformName: MAC, proxy: Proxy(), setWindowRect: true, strictFileInteractability: false, timeouts: {implicit: 0, pageLoad: 300000, script: 30000}, unhandledPromptBehavior: dismiss and notify, webauthn:virtualAuthenticators: true}&#10;Session ID: b5a8602b07deac821442ab313033c8dd&#10;*** Element info: {Using=xpath, value=//td[contains(text(),&apos;Customer Name&apos;)]/following-sibling::td}" type="org.openqa.selenium.UnhandledAlertException">org.openqa.selenium.UnhandledAlertException: unexpected alert open: {Alert text : Email Address Already Exist !!}
  (Session info: chrome=87.0.4280.67): Email Address Already Exist !!
Build info: version: '3.141.59', revision: 'e82be7d358', time: '2018-11-14T08:17:03'
System info: host: 'MacintoshHDsMBP', ip: '2405:4802:9197:2a50:a683:e7ff:fe7f:44cf%en0', os.name: 'Mac OS X', os.arch: 'x86_64', os.version: '10.15.7', java.version: '1.8.0_201'
Driver info: org.openqa.selenium.chrome.ChromeDriver
Capabilities {acceptInsecureCerts: false, browserName: chrome, browserVersion: 87.0.4280.67, chrome: {chromedriverVersion: 86.0.4240.22 (398b0743353ff..., userDataDir: /var/folders/fx/kgm9kb4x1g3...}, goog:chromeOptions: {debuggerAddress: localhost:51545}, javascriptEnabled: true, networkConnectionEnabled: false, pageLoadStrategy: normal, platform: MAC, platformName: MAC, proxy: Proxy(), setWindowRect: true, strictFileInteractability: false, timeouts: {implicit: 0, pageLoad: 300000, script: 30000}, unhandledPromptBehavior: dismiss and notify, webauthn:virtualAuthenticators: true}
Session ID: b5a8602b07deac821442ab313033c8dd
*** Element info: {Using=xpath, value=//td[contains(text(),'Customer Name')]/following-sibling::td}
	at org.openqa.selenium.remote.http.W3CHttpResponseCodec.decode(W3CHttpResponseCodec.java:120)
	at org.openqa.selenium.remote.http.W3CHttpResponseCodec.decode(W3CHttpResponseCodec.java:49)
	at org.openqa.selenium.remote.HttpCommandExecutor.execute(HttpCommandExecutor.java:158)
	at org.openqa.selenium.remote.service.DriverCommandExecutor.execute(DriverCommandExecutor.java:83)
	at org.openqa.selenium.remote.RemoteWebDriver.execute(RemoteWebDriver.java:552)
	at org.openqa.selenium.remote.RemoteWebDriver.findElement(RemoteWebDriver.java:323)
	at org.openqa.selenium.remote.RemoteWebDriver.findElementByXPath(RemoteWebDriver.java:428)
	at org.openqa.selenium.By$ByXPath.findElement(By.java:353)
	at org.openqa.selenium.remote.RemoteWebDriver.findElement(RemoteWebDriver.java:315)
	at org.openqa.selenium.support.ui.ExpectedConditions$7.apply(ExpectedConditions.java:205)
	at org.openqa.selenium.support.ui.ExpectedConditions$7.apply(ExpectedConditions.java:201)
	at org.openqa.selenium.support.ui.FluentWait.until(FluentWait.java:249)
	at common.AbstractPage.waitForElementVisible(AbstractPage.java:332)
	at pageObjects.NewCustomerPageObject.getCustomerName(NewCustomerPageObject.java:36)
	at stepDefinitions.NewCustomerPageSteps.i_see_the_information_of_customer_displa_correctly(NewCustomerPageSteps.java:42)
	at ✽.Then I see the information of Customer displays correctly(Featear01.feature:24)
</error>
  </testcase>
  <testcase name="Given I open the Home page" classname="| Truyenkieu | 10-10-1991 | 123 Ngo Tat To | Ho Chi Minh | Phu Nhuan | 123456 | 0984443434 | t40d@yop.com | Aa123456 |" time="0"/>
  <testcase name="And I enter the UserId &quot;mngr295153&quot; and Password is &quot;Esavupy&quot; to the login form" classname="| Truyenkieu | 10-10-1991 | 123 Ngo Tat To | Ho Chi Minh | Phu Nhuan | 123456 | 0984443434 | t40d@yop.com | Aa123456 |" time="0"/>
  <testcase name="When I click New Customer on the Left menu" classname="| Truyenkieu | 10-10-1991 | 123 Ngo Tat To | Ho Chi Minh | Phu Nhuan | 123456 | 0984443434 | t40d@yop.com | Aa123456 |" time="0"/>
  <testcase name="Then I add the user information" classname="| Truyenkieu | 10-10-1991 | 123 Ngo Tat To | Ho Chi Minh | Phu Nhuan | 123456 | 0984443434 | t40d@yop.com | Aa123456 |" time="0"/>
  <testcase name="When I click the Submit button" classname="| Truyenkieu | 10-10-1991 | 123 Ngo Tat To | Ho Chi Minh | Phu Nhuan | 123456 | 0984443434 | t40d@yop.com | Aa123456 |" time="0"/>
  <testcase name="Then I see the information of Customer displays correctly" classname="| Truyenkieu | 10-10-1991 | 123 Ngo Tat To | Ho Chi Minh | Phu Nhuan | 123456 | 0984443434 | t40d@yop.com | Aa123456 |" time="0.002">
    <error message="unexpected alert open: {Alert text : Email Address Already Exist !!}&#10;  (Session info: chrome=87.0.4280.67): Email Address Already Exist !!&#10;Build info: version: &apos;3.141.59&apos;, revision: &apos;e82be7d358&apos;, time: &apos;2018-11-14T08:17:03&apos;&#10;System info: host: &apos;MacintoshHDsMBP&apos;, ip: &apos;2405:4802:9197:2a50:a683:e7ff:fe7f:44cf%en0&apos;, os.name: &apos;Mac OS X&apos;, os.arch: &apos;x86_64&apos;, os.version: &apos;10.15.7&apos;, java.version: &apos;1.8.0_201&apos;&#10;Driver info: org.openqa.selenium.chrome.ChromeDriver&#10;Capabilities {acceptInsecureCerts: false, browserName: chrome, browserVersion: 87.0.4280.67, chrome: {chromedriverVersion: 86.0.4240.22 (398b0743353ff..., userDataDir: /var/folders/fx/kgm9kb4x1g3...}, goog:chromeOptions: {debuggerAddress: localhost:51545}, javascriptEnabled: true, networkConnectionEnabled: false, pageLoadStrategy: normal, platform: MAC, platformName: MAC, proxy: Proxy(), setWindowRect: true, strictFileInteractability: false, timeouts: {implicit: 0, pageLoad: 300000, script: 30000}, unhandledPromptBehavior: dismiss and notify, webauthn:virtualAuthenticators: true}&#10;Session ID: b5a8602b07deac821442ab313033c8dd&#10;*** Element info: {Using=xpath, value=//td[contains(text(),&apos;Customer Name&apos;)]/following-sibling::td}" type="org.openqa.selenium.UnhandledAlertException">org.openqa.selenium.UnhandledAlertException: unexpected alert open: {Alert text : Email Address Already Exist !!}
  (Session info: chrome=87.0.4280.67): Email Address Already Exist !!
Build info: version: '3.141.59', revision: 'e82be7d358', time: '2018-11-14T08:17:03'
System info: host: 'MacintoshHDsMBP', ip: '2405:4802:9197:2a50:a683:e7ff:fe7f:44cf%en0', os.name: 'Mac OS X', os.arch: 'x86_64', os.version: '10.15.7', java.version: '1.8.0_201'
Driver info: org.openqa.selenium.chrome.ChromeDriver
Capabilities {acceptInsecureCerts: false, browserName: chrome, browserVersion: 87.0.4280.67, chrome: {chromedriverVersion: 86.0.4240.22 (398b0743353ff..., userDataDir: /var/folders/fx/kgm9kb4x1g3...}, goog:chromeOptions: {debuggerAddress: localhost:51545}, javascriptEnabled: true, networkConnectionEnabled: false, pageLoadStrategy: normal, platform: MAC, platformName: MAC, proxy: Proxy(), setWindowRect: true, strictFileInteractability: false, timeouts: {implicit: 0, pageLoad: 300000, script: 30000}, unhandledPromptBehavior: dismiss and notify, webauthn:virtualAuthenticators: true}
Session ID: b5a8602b07deac821442ab313033c8dd
*** Element info: {Using=xpath, value=//td[contains(text(),'Customer Name')]/following-sibling::td}
	at org.openqa.selenium.remote.http.W3CHttpResponseCodec.decode(W3CHttpResponseCodec.java:120)
	at org.openqa.selenium.remote.http.W3CHttpResponseCodec.decode(W3CHttpResponseCodec.java:49)
	at org.openqa.selenium.remote.HttpCommandExecutor.execute(HttpCommandExecutor.java:158)
	at org.openqa.selenium.remote.service.DriverCommandExecutor.execute(DriverCommandExecutor.java:83)
	at org.openqa.selenium.remote.RemoteWebDriver.execute(RemoteWebDriver.java:552)
	at org.openqa.selenium.remote.RemoteWebDriver.findElement(RemoteWebDriver.java:323)
	at org.openqa.selenium.remote.RemoteWebDriver.findElementByXPath(RemoteWebDriver.java:428)
	at org.openqa.selenium.By$ByXPath.findElement(By.java:353)
	at org.openqa.selenium.remote.RemoteWebDriver.findElement(RemoteWebDriver.java:315)
	at org.openqa.selenium.support.ui.ExpectedConditions$7.apply(ExpectedConditions.java:205)
	at org.openqa.selenium.support.ui.ExpectedConditions$7.apply(ExpectedConditions.java:201)
	at org.openqa.selenium.support.ui.FluentWait.until(FluentWait.java:249)
	at common.AbstractPage.waitForElementVisible(AbstractPage.java:332)
	at pageObjects.NewCustomerPageObject.getCustomerName(NewCustomerPageObject.java:36)
	at stepDefinitions.NewCustomerPageSteps.i_see_the_information_of_customer_displa_correctly(NewCustomerPageSteps.java:42)
	at ✽.Then I see the information of Customer displays correctly(Featear01.feature:24)
</error>
  </testcase>
  <testcase name="When I click Continue button" classname="| Truyenkieu | 10-10-1991 | 123 Ngo Tat To | Ho Chi Minh | Phu Nhuan | 123456 | 0984443434 | t40d@yop.com | Aa123456 |" time="0">
    <skipped/>
  </testcase>
  <testcase name="Then I back to Dashboard button and see &quot;mngr295153&quot; display." classname="| Truyenkieu | 10-10-1991 | 123 Ngo Tat To | Ho Chi Minh | Phu Nhuan | 123456 | 0984443434 | t40d@yop.com | Aa123456 |" time="0">
    <skipped/>
  </testcase>
</testsuite>